{"level":"info","message":"Server running on port 3000","service":"authentication-service","timestamp":"2024-12-17T21:47:26.664Z"}
{"level":"info","message":"Environment: development","service":"authentication-service","timestamp":"2024-12-17T21:47:26.682Z"}
{"level":"info","message":"MongoDB connected successfully","service":"authentication-service","timestamp":"2024-12-17T21:47:30.235Z"}
{"level":"info","message":"Received shutdown signal, closing server...","service":"authentication-service","timestamp":"2024-12-17T21:50:35.454Z"}
{"level":"info","message":"Server running on port 3000","service":"authentication-service","timestamp":"2024-12-17T21:50:50.978Z"}
{"level":"info","message":"Environment: development","service":"authentication-service","timestamp":"2024-12-17T21:50:50.985Z"}
{"level":"info","message":"MongoDB connected successfully","service":"authentication-service","timestamp":"2024-12-17T21:50:52.818Z"}
{"level":"info","message":"Received shutdown signal, closing server...","service":"authentication-service","timestamp":"2024-12-17T21:51:37.204Z"}
{"level":"info","message":"Server running on port 3000","service":"authentication-service","timestamp":"2024-12-17T21:51:45.868Z"}
{"level":"info","message":"Environment: development","service":"authentication-service","timestamp":"2024-12-17T21:51:45.872Z"}
{"level":"info","message":"Received shutdown signal, closing server...","service":"authentication-service","timestamp":"2024-12-17T21:52:30.880Z"}
{"level":"info","message":"Server running on port 3000","service":"authentication-service","timestamp":"2024-12-17T22:09:10.258Z"}
{"level":"info","message":"Environment: development","service":"authentication-service","timestamp":"2024-12-17T22:09:10.276Z"}
{"level":"info","message":"MongoDB connected successfully","service":"authentication-service","timestamp":"2024-12-17T22:09:12.043Z"}
{"level":"info","message":"Received shutdown signal, closing server...","service":"authentication-service","timestamp":"2024-12-17T22:13:07.573Z"}
{"level":"info","message":"Server running on port 3000","service":"authentication-service","timestamp":"2024-12-17T22:14:08.057Z"}
{"level":"info","message":"Environment: development","service":"authentication-service","timestamp":"2024-12-17T22:14:08.063Z"}
{"level":"info","message":"MongoDB connected successfully","service":"authentication-service","timestamp":"2024-12-17T22:14:20.471Z"}
{"level":"info","message":"Received shutdown signal, closing server...","service":"authentication-service","timestamp":"2024-12-17T22:14:31.168Z"}
{"level":"info","message":"Server running on port 3000","service":"authentication-service","timestamp":"2024-12-17T22:15:05.271Z"}
{"level":"info","message":"Environment: development","service":"authentication-service","timestamp":"2024-12-17T22:15:05.275Z"}
{"level":"info","message":"MongoDB connected successfully","service":"authentication-service","timestamp":"2024-12-17T22:15:07.038Z"}
{"level":"info","message":"Received shutdown signal, closing server...","service":"authentication-service","timestamp":"2024-12-17T22:21:09.977Z"}
{"level":"info","message":"Server running on port 3000","service":"authentication-service","timestamp":"2024-12-17T22:21:19.725Z"}
{"level":"info","message":"Environment: development","service":"authentication-service","timestamp":"2024-12-17T22:21:19.729Z"}
{"level":"info","message":"MongoDB connected successfully","service":"authentication-service","timestamp":"2024-12-17T22:21:22.143Z"}
{"level":"info","message":"HTTP POST /api/auth/register","meta":{"req":{"headers":{"accept":"application/json, text/plain, */*","accept-encoding":"gzip, deflate, br, zstd","accept-language":"en-US,en;q=0.9","connection":"keep-alive","content-length":"132","content-type":"application/json","host":"localhost:3000","origin":"http://localhost:5173","referer":"http://localhost:5173/","sec-ch-ua":"\"Google Chrome\";v=\"131\", \"Chromium\";v=\"131\", \"Not_A Brand\";v=\"24\"","sec-ch-ua-mobile":"?1","sec-ch-ua-platform":"\"Android\"","sec-fetch-dest":"empty","sec-fetch-mode":"cors","sec-fetch-site":"same-site","user-agent":"Mozilla/5.0 (Linux; Android 6.0; Nexus 5 Build/MRA58N) AppleWebKit/537.36 (KHTML, like Gecko) Chrome/131.0.0.0 Mobile Safari/537.36"},"httpVersion":"1.1","method":"POST","originalUrl":"/api/auth/register","query":{},"url":"/api/auth/register"},"res":{"statusCode":500},"responseTime":233},"service":"authentication-service","timestamp":"2024-12-17T22:36:59.093Z"}
{"level":"info","message":"HTTP POST /api/auth/register","meta":{"req":{"headers":{"accept":"application/json, text/plain, */*","accept-encoding":"gzip, deflate, br, zstd","accept-language":"en-US,en;q=0.9","connection":"keep-alive","content-length":"132","content-type":"application/json","host":"localhost:3000","origin":"http://localhost:5173","referer":"http://localhost:5173/","sec-ch-ua":"\"Google Chrome\";v=\"131\", \"Chromium\";v=\"131\", \"Not_A Brand\";v=\"24\"","sec-ch-ua-mobile":"?1","sec-ch-ua-platform":"\"Android\"","sec-fetch-dest":"empty","sec-fetch-mode":"cors","sec-fetch-site":"same-site","user-agent":"Mozilla/5.0 (Linux; Android 6.0; Nexus 5 Build/MRA58N) AppleWebKit/537.36 (KHTML, like Gecko) Chrome/131.0.0.0 Mobile Safari/537.36"},"httpVersion":"1.1","method":"POST","originalUrl":"/api/auth/register","query":{},"url":"/api/auth/register"},"res":{"statusCode":500},"responseTime":161},"service":"authentication-service","timestamp":"2024-12-17T23:02:14.674Z"}
{"level":"info","message":"Server running on port 3000","service":"authentication-service","timestamp":"2024-12-18T07:19:36.866Z"}
{"level":"info","message":"Environment: development","service":"authentication-service","timestamp":"2024-12-18T07:19:36.874Z"}
{"level":"info","message":"MongoDB connected successfully","service":"authentication-service","timestamp":"2024-12-18T07:19:39.617Z"}
{"level":"info","message":"HTTP POST /api/auth/register","meta":{"req":{"headers":{"accept":"application/json, text/plain, */*","accept-encoding":"gzip, deflate, br, zstd","accept-language":"en-US,en;q=0.9","connection":"keep-alive","content-length":"132","content-type":"application/json","host":"localhost:3000","origin":"http://localhost:5173","referer":"http://localhost:5173/","sec-ch-ua":"\"Google Chrome\";v=\"131\", \"Chromium\";v=\"131\", \"Not_A Brand\";v=\"24\"","sec-ch-ua-mobile":"?1","sec-ch-ua-platform":"\"Android\"","sec-fetch-dest":"empty","sec-fetch-mode":"cors","sec-fetch-site":"same-site","user-agent":"Mozilla/5.0 (Linux; Android 6.0; Nexus 5 Build/MRA58N) AppleWebKit/537.36 (KHTML, like Gecko) Chrome/131.0.0.0 Mobile Safari/537.36"},"httpVersion":"1.1","method":"POST","originalUrl":"/api/auth/register","query":{},"url":"/api/auth/register"},"res":{"statusCode":500},"responseTime":348},"service":"authentication-service","timestamp":"2024-12-18T07:31:15.224Z"}
{"level":"info","message":"Received shutdown signal, closing server...","service":"authentication-service","timestamp":"2024-12-18T07:59:08.064Z"}
{"level":"info","message":"Server running on port 3000","service":"authentication-service","timestamp":"2024-12-18T08:05:43.040Z"}
{"level":"info","message":"Environment: development","service":"authentication-service","timestamp":"2024-12-18T08:05:43.050Z"}
{"level":"info","message":"MongoDB connected successfully","service":"authentication-service","timestamp":"2024-12-18T08:05:45.157Z"}
{"level":"info","message":"HTTP POST /api/auth/register","meta":{"req":{"headers":{"accept":"application/json, text/plain, */*","accept-encoding":"gzip, deflate, br, zstd","accept-language":"en-US,en;q=0.9","connection":"keep-alive","content-length":"131","content-type":"application/json","host":"localhost:3000","origin":"http://localhost:5173","referer":"http://localhost:5173/","sec-ch-ua":"\"Google Chrome\";v=\"131\", \"Chromium\";v=\"131\", \"Not_A Brand\";v=\"24\"","sec-ch-ua-mobile":"?1","sec-ch-ua-platform":"\"Android\"","sec-fetch-dest":"empty","sec-fetch-mode":"cors","sec-fetch-site":"same-site","user-agent":"Mozilla/5.0 (Linux; Android 6.0; Nexus 5 Build/MRA58N) AppleWebKit/537.36 (KHTML, like Gecko) Chrome/131.0.0.0 Mobile Safari/537.36"},"httpVersion":"1.1","method":"POST","originalUrl":"/api/auth/register","query":{},"url":"/api/auth/register"},"res":{"statusCode":201},"responseTime":1291},"service":"authentication-service","timestamp":"2024-12-18T08:12:27.178Z"}
{"level":"info","message":"HTTP POST /api/auth/register","meta":{"req":{"headers":{"accept":"application/json, text/plain, */*","accept-encoding":"gzip, deflate, br, zstd","accept-language":"en-US,en;q=0.9","authorization":"Bearer eyJhbGciOiJIUzI1NiIsInR5cCI6IkpXVCJ9.eyJ1c2VySWQiOiI2NzYyODNlYTA2NmQ0NmNlNzkzNGFhYTMiLCJlbWFpbCI6Im93b3NlbmlqQHlhaG9vLmNvbSIsImlhdCI6MTczNDUwOTU0NywiZXhwIjoxNzM0NTEzMTQ3fQ.ZUkv0F7c3ISgCTFDawCgQMB33UwyQKCXLnQ-DqAYtKU","connection":"keep-alive","content-length":"121","content-type":"application/json","host":"localhost:3000","origin":"http://localhost:5173","referer":"http://localhost:5173/","sec-ch-ua":"\"Google Chrome\";v=\"131\", \"Chromium\";v=\"131\", \"Not_A Brand\";v=\"24\"","sec-ch-ua-mobile":"?1","sec-ch-ua-platform":"\"Android\"","sec-fetch-dest":"empty","sec-fetch-mode":"cors","sec-fetch-site":"same-site","user-agent":"Mozilla/5.0 (Linux; Android 6.0; Nexus 5 Build/MRA58N) AppleWebKit/537.36 (KHTML, like Gecko) Chrome/131.0.0.0 Mobile Safari/537.36"},"httpVersion":"1.1","method":"POST","originalUrl":"/api/auth/register","query":{},"url":"/api/auth/register"},"res":{"statusCode":500},"responseTime":1254},"service":"authentication-service","timestamp":"2024-12-18T08:15:14.298Z"}
{"level":"info","message":"HTTP POST /api/auth/register","meta":{"req":{"headers":{"accept":"application/json, text/plain, */*","accept-encoding":"gzip, deflate, br, zstd","accept-language":"en-US,en;q=0.9","connection":"keep-alive","content-length":"121","content-type":"application/json","host":"localhost:3000","origin":"http://localhost:5173","referer":"http://localhost:5173/","sec-ch-ua":"\"Google Chrome\";v=\"131\", \"Chromium\";v=\"131\", \"Not_A Brand\";v=\"24\"","sec-ch-ua-mobile":"?1","sec-ch-ua-platform":"\"Android\"","sec-fetch-dest":"empty","sec-fetch-mode":"cors","sec-fetch-site":"same-site","user-agent":"Mozilla/5.0 (Linux; Android 6.0; Nexus 5 Build/MRA58N) AppleWebKit/537.36 (KHTML, like Gecko) Chrome/131.0.0.0 Mobile Safari/537.36"},"httpVersion":"1.1","method":"POST","originalUrl":"/api/auth/register","query":{},"url":"/api/auth/register"},"res":{"statusCode":500},"responseTime":1007},"service":"authentication-service","timestamp":"2024-12-18T08:17:11.551Z"}
{"level":"info","message":"HTTP POST /api/auth/register","meta":{"req":{"headers":{"accept":"application/json, text/plain, */*","accept-encoding":"gzip, deflate, br, zstd","accept-language":"en-US,en;q=0.9","connection":"keep-alive","content-length":"125","content-type":"application/json","host":"localhost:3000","origin":"http://localhost:5173","referer":"http://localhost:5173/","sec-ch-ua":"\"Google Chrome\";v=\"131\", \"Chromium\";v=\"131\", \"Not_A Brand\";v=\"24\"","sec-ch-ua-mobile":"?1","sec-ch-ua-platform":"\"Android\"","sec-fetch-dest":"empty","sec-fetch-mode":"cors","sec-fetch-site":"same-site","user-agent":"Mozilla/5.0 (Linux; Android 6.0; Nexus 5 Build/MRA58N) AppleWebKit/537.36 (KHTML, like Gecko) Chrome/131.0.0.0 Mobile Safari/537.36"},"httpVersion":"1.1","method":"POST","originalUrl":"/api/auth/register","query":{},"url":"/api/auth/register"},"res":{"statusCode":500},"responseTime":1203},"service":"authentication-service","timestamp":"2024-12-18T08:17:47.160Z"}
{"level":"info","message":"HTTP POST /api/auth/register","meta":{"req":{"headers":{"accept":"application/json, text/plain, */*","accept-encoding":"gzip, deflate, br, zstd","accept-language":"en-US,en;q=0.9","connection":"keep-alive","content-length":"124","content-type":"application/json","host":"localhost:3000","origin":"http://localhost:5173","referer":"http://localhost:5173/","sec-ch-ua":"\"Google Chrome\";v=\"131\", \"Chromium\";v=\"131\", \"Not_A Brand\";v=\"24\"","sec-ch-ua-mobile":"?1","sec-ch-ua-platform":"\"Android\"","sec-fetch-dest":"empty","sec-fetch-mode":"cors","sec-fetch-site":"same-site","user-agent":"Mozilla/5.0 (Linux; Android 6.0; Nexus 5 Build/MRA58N) AppleWebKit/537.36 (KHTML, like Gecko) Chrome/131.0.0.0 Mobile Safari/537.36"},"httpVersion":"1.1","method":"POST","originalUrl":"/api/auth/register","query":{},"url":"/api/auth/register"},"res":{"statusCode":500},"responseTime":1390},"service":"authentication-service","timestamp":"2024-12-18T08:25:26.033Z"}
{"level":"info","message":"Received shutdown signal, closing server...","service":"authentication-service","timestamp":"2024-12-18T08:26:13.025Z"}
{"level":"info","message":"HTTP server closed","service":"authentication-service","timestamp":"2024-12-18T08:26:13.027Z"}
{"level":"info","message":"Received shutdown signal, closing server...","service":"authentication-service","timestamp":"2024-12-18T08:26:19.700Z"}
{"level":"info","message":"HTTP server closed","service":"authentication-service","timestamp":"2024-12-18T08:26:19.701Z"}
{"level":"info","message":"Received shutdown signal, closing server...","service":"authentication-service","timestamp":"2024-12-18T08:26:27.987Z"}
{"level":"info","message":"HTTP server closed","service":"authentication-service","timestamp":"2024-12-18T08:26:27.990Z"}
{"level":"info","message":"Server running on port 3000","service":"authentication-service","timestamp":"2024-12-18T08:27:10.103Z"}
{"level":"info","message":"Environment: development","service":"authentication-service","timestamp":"2024-12-18T08:27:10.108Z"}
{"level":"info","message":"MongoDB connected successfully","service":"authentication-service","timestamp":"2024-12-18T08:27:12.894Z"}
{"level":"info","message":"HTTP POST /api/auth/register","meta":{"req":{"headers":{"accept":"application/json, text/plain, */*","accept-encoding":"gzip, deflate, br, zstd","accept-language":"en-US,en;q=0.9","connection":"keep-alive","content-length":"124","content-type":"application/json","host":"localhost:3000","origin":"http://localhost:5173","referer":"http://localhost:5173/","sec-ch-ua":"\"Google Chrome\";v=\"131\", \"Chromium\";v=\"131\", \"Not_A Brand\";v=\"24\"","sec-ch-ua-mobile":"?1","sec-ch-ua-platform":"\"Android\"","sec-fetch-dest":"empty","sec-fetch-mode":"cors","sec-fetch-site":"same-site","user-agent":"Mozilla/5.0 (Linux; Android 6.0; Nexus 5 Build/MRA58N) AppleWebKit/537.36 (KHTML, like Gecko) Chrome/131.0.0.0 Mobile Safari/537.36"},"httpVersion":"1.1","method":"POST","originalUrl":"/api/auth/register","query":{},"url":"/api/auth/register"},"res":{"statusCode":500},"responseTime":1167},"service":"authentication-service","timestamp":"2024-12-18T08:27:20.275Z"}
{"level":"info","message":"HTTP POST /api/auth/register","meta":{"req":{"headers":{"accept":"application/json, text/plain, */*","accept-encoding":"gzip, deflate, br, zstd","accept-language":"en-US,en;q=0.9","connection":"keep-alive","content-length":"124","content-type":"application/json","host":"localhost:3000","origin":"http://localhost:5173","referer":"http://localhost:5173/","sec-ch-ua":"\"Google Chrome\";v=\"131\", \"Chromium\";v=\"131\", \"Not_A Brand\";v=\"24\"","sec-ch-ua-mobile":"?1","sec-ch-ua-platform":"\"Android\"","sec-fetch-dest":"empty","sec-fetch-mode":"cors","sec-fetch-site":"same-site","user-agent":"Mozilla/5.0 (Linux; Android 6.0; Nexus 5 Build/MRA58N) AppleWebKit/537.36 (KHTML, like Gecko) Chrome/131.0.0.0 Mobile Safari/537.36"},"httpVersion":"1.1","method":"POST","originalUrl":"/api/auth/register","query":{},"url":"/api/auth/register"},"res":{"statusCode":500},"responseTime":890},"service":"authentication-service","timestamp":"2024-12-18T08:46:50.101Z"}
{"level":"info","message":"HTTP POST /api/auth/register","meta":{"req":{"headers":{"accept":"application/json, text/plain, */*","accept-encoding":"gzip, deflate, br, zstd","accept-language":"en-US,en;q=0.9","connection":"keep-alive","content-length":"124","content-type":"application/json","host":"localhost:3000","origin":"http://localhost:5173","referer":"http://localhost:5173/","sec-ch-ua":"\"Google Chrome\";v=\"131\", \"Chromium\";v=\"131\", \"Not_A Brand\";v=\"24\"","sec-ch-ua-mobile":"?1","sec-ch-ua-platform":"\"Android\"","sec-fetch-dest":"empty","sec-fetch-mode":"cors","sec-fetch-site":"same-site","user-agent":"Mozilla/5.0 (Linux; Android 6.0; Nexus 5 Build/MRA58N) AppleWebKit/537.36 (KHTML, like Gecko) Chrome/131.0.0.0 Mobile Safari/537.36"},"httpVersion":"1.1","method":"POST","originalUrl":"/api/auth/register","query":{},"url":"/api/auth/register"},"res":{"statusCode":500},"responseTime":1725},"service":"authentication-service","timestamp":"2024-12-18T08:55:49.273Z"}
{"level":"info","message":"HTTP POST /api/auth/register","meta":{"req":{"headers":{"accept":"application/json, text/plain, */*","accept-encoding":"gzip, deflate, br, zstd","accept-language":"en-US,en;q=0.9","connection":"keep-alive","content-length":"123","content-type":"application/json","host":"localhost:3000","origin":"http://localhost:5173","referer":"http://localhost:5173/","sec-ch-ua":"\"Google Chrome\";v=\"131\", \"Chromium\";v=\"131\", \"Not_A Brand\";v=\"24\"","sec-ch-ua-mobile":"?1","sec-ch-ua-platform":"\"Android\"","sec-fetch-dest":"empty","sec-fetch-mode":"cors","sec-fetch-site":"same-site","user-agent":"Mozilla/5.0 (Linux; Android 6.0; Nexus 5 Build/MRA58N) AppleWebKit/537.36 (KHTML, like Gecko) Chrome/131.0.0.0 Mobile Safari/537.36"},"httpVersion":"1.1","method":"POST","originalUrl":"/api/auth/register","query":{},"url":"/api/auth/register"},"res":{"statusCode":500},"responseTime":1505},"service":"authentication-service","timestamp":"2024-12-18T08:58:30.137Z"}
{"level":"info","message":"Received shutdown signal, closing server...","service":"authentication-service","timestamp":"2024-12-18T08:59:56.209Z"}
{"level":"info","message":"HTTP server closed","service":"authentication-service","timestamp":"2024-12-18T08:59:56.212Z"}
{"level":"info","message":"Received shutdown signal, closing server...","service":"authentication-service","timestamp":"2024-12-18T08:59:58.968Z"}
{"level":"info","message":"HTTP server closed","service":"authentication-service","timestamp":"2024-12-18T08:59:58.969Z"}
{"level":"info","message":"Received shutdown signal, closing server...","service":"authentication-service","timestamp":"2024-12-18T08:59:59.553Z"}
{"level":"info","message":"HTTP server closed","service":"authentication-service","timestamp":"2024-12-18T08:59:59.554Z"}
{"level":"info","message":"Received shutdown signal, closing server...","service":"authentication-service","timestamp":"2024-12-18T08:59:59.915Z"}
{"level":"info","message":"HTTP server closed","service":"authentication-service","timestamp":"2024-12-18T08:59:59.916Z"}
{"level":"info","message":"Received shutdown signal, closing server...","service":"authentication-service","timestamp":"2024-12-18T09:00:00.157Z"}
{"level":"info","message":"HTTP server closed","service":"authentication-service","timestamp":"2024-12-18T09:00:00.158Z"}
{"level":"info","message":"Received shutdown signal, closing server...","service":"authentication-service","timestamp":"2024-12-18T09:00:00.399Z"}
{"level":"info","message":"HTTP server closed","service":"authentication-service","timestamp":"2024-12-18T09:00:00.400Z"}
{"level":"info","message":"Server running on port 3000","service":"authentication-service","timestamp":"2024-12-18T09:44:55.398Z"}
{"level":"info","message":"Environment: development","service":"authentication-service","timestamp":"2024-12-18T09:44:55.412Z"}
{"level":"info","message":"MongoDB connected successfully","service":"authentication-service","timestamp":"2024-12-18T09:44:57.411Z"}
{"level":"info","message":"HTTP POST /api/auth/register","meta":{"req":{"headers":{"accept":"application/json, text/plain, */*","accept-encoding":"gzip, deflate, br, zstd","accept-language":"en-US,en;q=0.9","connection":"keep-alive","content-length":"127","content-type":"application/json","host":"localhost:3000","origin":"http://localhost:5173","referer":"http://localhost:5173/","sec-ch-ua":"\"Google Chrome\";v=\"131\", \"Chromium\";v=\"131\", \"Not_A Brand\";v=\"24\"","sec-ch-ua-mobile":"?1","sec-ch-ua-platform":"\"Android\"","sec-fetch-dest":"empty","sec-fetch-mode":"cors","sec-fetch-site":"same-site","user-agent":"Mozilla/5.0 (Linux; Android 6.0; Nexus 5 Build/MRA58N) AppleWebKit/537.36 (KHTML, like Gecko) Chrome/131.0.0.0 Mobile Safari/537.36"},"httpVersion":"1.1","method":"POST","originalUrl":"/api/auth/register","query":{},"url":"/api/auth/register"},"res":{"statusCode":400},"responseTime":882},"service":"authentication-service","timestamp":"2024-12-18T09:46:01.492Z"}
{"level":"info","message":"Received shutdown signal, closing server...","service":"authentication-service","timestamp":"2024-12-18T10:03:21.317Z"}
{"level":"info","message":"HTTP server closed","service":"authentication-service","timestamp":"2024-12-18T10:03:21.333Z"}
{"level":"info","message":"Received shutdown signal, closing server...","service":"authentication-service","timestamp":"2024-12-18T10:03:32.779Z"}
{"level":"info","message":"HTTP server closed","service":"authentication-service","timestamp":"2024-12-18T10:03:32.783Z"}
{"level":"info","message":"Received shutdown signal, closing server...","service":"authentication-service","timestamp":"2024-12-18T10:03:33.090Z"}
{"level":"info","message":"HTTP server closed","service":"authentication-service","timestamp":"2024-12-18T10:03:33.091Z"}
{"level":"info","message":"Server running on port 3000","service":"authentication-service","timestamp":"2024-12-18T10:03:45.383Z"}
{"level":"info","message":"Environment: development","service":"authentication-service","timestamp":"2024-12-18T10:03:45.390Z"}
{"level":"info","message":"MongoDB connected successfully","service":"authentication-service","timestamp":"2024-12-18T10:03:47.210Z"}
{"level":"info","message":"HTTP POST /api/auth/register","meta":{"req":{"headers":{"accept":"application/json, text/plain, */*","accept-encoding":"gzip, deflate, br, zstd","accept-language":"en-US,en;q=0.9","connection":"keep-alive","content-length":"127","content-type":"application/json","host":"localhost:3000","origin":"http://localhost:5173","referer":"http://localhost:5173/","sec-ch-ua":"\"Google Chrome\";v=\"131\", \"Chromium\";v=\"131\", \"Not_A Brand\";v=\"24\"","sec-ch-ua-mobile":"?1","sec-ch-ua-platform":"\"Android\"","sec-fetch-dest":"empty","sec-fetch-mode":"cors","sec-fetch-site":"same-site","user-agent":"Mozilla/5.0 (Linux; Android 6.0; Nexus 5 Build/MRA58N) AppleWebKit/537.36 (KHTML, like Gecko) Chrome/131.0.0.0 Mobile Safari/537.36"},"httpVersion":"1.1","method":"POST","originalUrl":"/api/auth/register","query":{},"url":"/api/auth/register"},"res":{"statusCode":400},"responseTime":979},"service":"authentication-service","timestamp":"2024-12-18T10:07:39.831Z"}
{"level":"info","message":"Received shutdown signal, closing server...","service":"authentication-service","timestamp":"2024-12-18T10:10:14.454Z"}
{"level":"info","message":"HTTP server closed","service":"authentication-service","timestamp":"2024-12-18T10:10:14.455Z"}
{"level":"info","message":"Received shutdown signal, closing server...","service":"authentication-service","timestamp":"2024-12-18T10:10:15.550Z"}
{"level":"info","message":"HTTP server closed","service":"authentication-service","timestamp":"2024-12-18T10:10:15.552Z"}
{"level":"info","message":"Server running on port 3000","service":"authentication-service","timestamp":"2024-12-18T10:10:27.216Z"}
{"level":"info","message":"Environment: development","service":"authentication-service","timestamp":"2024-12-18T10:10:27.223Z"}
{"level":"info","message":"MongoDB connected successfully","service":"authentication-service","timestamp":"2024-12-18T10:10:30.387Z"}
{"level":"info","message":"HTTP POST /api/auth/register","meta":{"req":{"headers":{"accept":"application/json, text/plain, */*","accept-encoding":"gzip, deflate, br, zstd","accept-language":"en-US,en;q=0.9","connection":"keep-alive","content-length":"127","content-type":"application/json","host":"localhost:3000","origin":"http://localhost:5173","referer":"http://localhost:5173/","sec-ch-ua":"\"Google Chrome\";v=\"131\", \"Chromium\";v=\"131\", \"Not_A Brand\";v=\"24\"","sec-ch-ua-mobile":"?1","sec-ch-ua-platform":"\"Android\"","sec-fetch-dest":"empty","sec-fetch-mode":"cors","sec-fetch-site":"same-site","user-agent":"Mozilla/5.0 (Linux; Android 6.0; Nexus 5 Build/MRA58N) AppleWebKit/537.36 (KHTML, like Gecko) Chrome/131.0.0.0 Mobile Safari/537.36"},"httpVersion":"1.1","method":"POST","originalUrl":"/api/auth/register","query":{},"url":"/api/auth/register"},"res":{"statusCode":400},"responseTime":959},"service":"authentication-service","timestamp":"2024-12-18T10:10:37.119Z"}
{"level":"info","message":"Received shutdown signal, closing server...","service":"authentication-service","timestamp":"2024-12-18T11:01:50.150Z"}
{"level":"info","message":"HTTP server closed","service":"authentication-service","timestamp":"2024-12-18T11:01:50.164Z"}
{"level":"info","message":"Received shutdown signal, closing server...","service":"authentication-service","timestamp":"2024-12-18T11:01:50.628Z"}
{"level":"info","message":"HTTP server closed","service":"authentication-service","timestamp":"2024-12-18T11:01:50.629Z"}
{"level":"info","message":"Received shutdown signal, closing server...","service":"authentication-service","timestamp":"2024-12-18T11:01:50.973Z"}
{"level":"info","message":"HTTP server closed","service":"authentication-service","timestamp":"2024-12-18T11:01:50.974Z"}
{"level":"info","message":"Received shutdown signal, closing server...","service":"authentication-service","timestamp":"2024-12-18T11:01:51.237Z"}
{"level":"info","message":"HTTP server closed","service":"authentication-service","timestamp":"2024-12-18T11:01:51.237Z"}
{"level":"info","message":"Received shutdown signal, closing server...","service":"authentication-service","timestamp":"2024-12-18T11:01:51.431Z"}
{"level":"info","message":"HTTP server closed","service":"authentication-service","timestamp":"2024-12-18T11:01:51.433Z"}
{"level":"info","message":"Server running on port 3000","service":"authentication-service","timestamp":"2024-12-18T11:02:06.042Z"}
{"level":"info","message":"Environment: development","service":"authentication-service","timestamp":"2024-12-18T11:02:06.048Z"}
{"level":"info","message":"MongoDB connected successfully","service":"authentication-service","timestamp":"2024-12-18T11:02:07.934Z"}
{"level":"info","message":"HTTP POST /api/auth/register","meta":{"req":{"headers":{"accept":"application/json, text/plain, */*","accept-encoding":"gzip, deflate, br, zstd","accept-language":"en-US,en;q=0.9","connection":"keep-alive","content-length":"124","content-type":"application/json","host":"localhost:3000","origin":"http://localhost:5173","referer":"http://localhost:5173/","sec-ch-ua":"\"Google Chrome\";v=\"131\", \"Chromium\";v=\"131\", \"Not_A Brand\";v=\"24\"","sec-ch-ua-mobile":"?1","sec-ch-ua-platform":"\"Android\"","sec-fetch-dest":"empty","sec-fetch-mode":"cors","sec-fetch-site":"same-site","user-agent":"Mozilla/5.0 (Linux; Android 6.0; Nexus 5 Build/MRA58N) AppleWebKit/537.36 (KHTML, like Gecko) Chrome/131.0.0.0 Mobile Safari/537.36"},"httpVersion":"1.1","method":"POST","originalUrl":"/api/auth/register","query":{},"url":"/api/auth/register"},"res":{"statusCode":400},"responseTime":954},"service":"authentication-service","timestamp":"2024-12-18T11:02:13.857Z"}
{"level":"info","message":"HTTP POST /api/auth/register","meta":{"req":{"headers":{"accept":"application/json, text/plain, */*","accept-encoding":"gzip, deflate, br, zstd","accept-language":"en-US,en;q=0.9","connection":"keep-alive","content-length":"143","content-type":"application/json","host":"localhost:3000","origin":"http://localhost:5173","referer":"http://localhost:5173/","sec-ch-ua":"\"Google Chrome\";v=\"131\", \"Chromium\";v=\"131\", \"Not_A Brand\";v=\"24\"","sec-ch-ua-mobile":"?1","sec-ch-ua-platform":"\"Android\"","sec-fetch-dest":"empty","sec-fetch-mode":"cors","sec-fetch-site":"same-site","user-agent":"Mozilla/5.0 (Linux; Android 6.0; Nexus 5 Build/MRA58N) AppleWebKit/537.36 (KHTML, like Gecko) Chrome/131.0.0.0 Mobile Safari/537.36"},"httpVersion":"1.1","method":"POST","originalUrl":"/api/auth/register","query":{},"url":"/api/auth/register"},"res":{"statusCode":400},"responseTime":972},"service":"authentication-service","timestamp":"2024-12-18T11:15:31.970Z"}
{"level":"info","message":"HTTP POST /api/auth/register","meta":{"req":{"headers":{"accept":"application/json, text/plain, */*","accept-encoding":"gzip, deflate, br, zstd","accept-language":"en-US,en;q=0.9","connection":"keep-alive","content-length":"143","content-type":"application/json","host":"localhost:3000","origin":"http://localhost:5173","referer":"http://localhost:5173/","sec-ch-ua":"\"Google Chrome\";v=\"131\", \"Chromium\";v=\"131\", \"Not_A Brand\";v=\"24\"","sec-ch-ua-mobile":"?1","sec-ch-ua-platform":"\"Android\"","sec-fetch-dest":"empty","sec-fetch-mode":"cors","sec-fetch-site":"same-site","user-agent":"Mozilla/5.0 (Linux; Android 6.0; Nexus 5 Build/MRA58N) AppleWebKit/537.36 (KHTML, like Gecko) Chrome/131.0.0.0 Mobile Safari/537.36"},"httpVersion":"1.1","method":"POST","originalUrl":"/api/auth/register","query":{},"url":"/api/auth/register"},"res":{"statusCode":400},"responseTime":770},"service":"authentication-service","timestamp":"2024-12-18T11:16:04.065Z"}
{"level":"info","message":"HTTP POST /api/auth/register","meta":{"req":{"headers":{"accept":"application/json, text/plain, */*","accept-encoding":"gzip, deflate, br, zstd","accept-language":"en-US,en;q=0.9","connection":"keep-alive","content-length":"143","content-type":"application/json","host":"localhost:3000","origin":"http://localhost:5173","referer":"http://localhost:5173/","sec-ch-ua":"\"Google Chrome\";v=\"131\", \"Chromium\";v=\"131\", \"Not_A Brand\";v=\"24\"","sec-ch-ua-mobile":"?1","sec-ch-ua-platform":"\"Android\"","sec-fetch-dest":"empty","sec-fetch-mode":"cors","sec-fetch-site":"same-site","user-agent":"Mozilla/5.0 (Linux; Android 6.0; Nexus 5 Build/MRA58N) AppleWebKit/537.36 (KHTML, like Gecko) Chrome/131.0.0.0 Mobile Safari/537.36"},"httpVersion":"1.1","method":"POST","originalUrl":"/api/auth/register","query":{},"url":"/api/auth/register"},"res":{"statusCode":400},"responseTime":949},"service":"authentication-service","timestamp":"2024-12-18T11:18:59.711Z"}
{"level":"info","message":"Received shutdown signal, closing server...","service":"authentication-service","timestamp":"2024-12-18T11:54:47.515Z"}
{"level":"info","message":"HTTP server closed","service":"authentication-service","timestamp":"2024-12-18T11:54:47.537Z"}
{"level":"info","message":"Received shutdown signal, closing server...","service":"authentication-service","timestamp":"2024-12-18T11:54:47.788Z"}
{"level":"info","message":"HTTP server closed","service":"authentication-service","timestamp":"2024-12-18T11:54:47.792Z"}
{"level":"info","message":"Received shutdown signal, closing server...","service":"authentication-service","timestamp":"2024-12-18T11:54:48.029Z"}
{"level":"info","message":"HTTP server closed","service":"authentication-service","timestamp":"2024-12-18T11:54:48.030Z"}
{"level":"info","message":"Received shutdown signal, closing server...","service":"authentication-service","timestamp":"2024-12-18T11:54:48.248Z"}
{"level":"info","message":"HTTP server closed","service":"authentication-service","timestamp":"2024-12-18T11:54:48.250Z"}
{"level":"info","message":"Received shutdown signal, closing server...","service":"authentication-service","timestamp":"2024-12-18T11:54:48.414Z"}
{"level":"info","message":"HTTP server closed","service":"authentication-service","timestamp":"2024-12-18T11:54:48.416Z"}
{"level":"info","message":"Server running on port 3000","service":"authentication-service","timestamp":"2024-12-18T11:59:19.023Z"}
{"level":"info","message":"Environment: development","service":"authentication-service","timestamp":"2024-12-18T11:59:19.043Z"}
{"level":"info","message":"MongoDB connected successfully","service":"authentication-service","timestamp":"2024-12-18T11:59:20.901Z"}
{"level":"info","message":"HTTP POST /api/auth/register","meta":{"req":{"headers":{"accept":"application/json, text/plain, */*","accept-encoding":"gzip, deflate, br, zstd","accept-language":"en-US,en;q=0.9","connection":"keep-alive","content-length":"143","content-type":"application/json","host":"localhost:3000","origin":"http://localhost:5173","referer":"http://localhost:5173/","sec-ch-ua":"\"Google Chrome\";v=\"131\", \"Chromium\";v=\"131\", \"Not_A Brand\";v=\"24\"","sec-ch-ua-mobile":"?1","sec-ch-ua-platform":"\"Android\"","sec-fetch-dest":"empty","sec-fetch-mode":"cors","sec-fetch-site":"same-site","user-agent":"Mozilla/5.0 (Linux; Android 6.0; Nexus 5 Build/MRA58N) AppleWebKit/537.36 (KHTML, like Gecko) Chrome/131.0.0.0 Mobile Safari/537.36"},"httpVersion":"1.1","method":"POST","originalUrl":"/api/auth/register","query":{},"url":"/api/auth/register"},"res":{"statusCode":400},"responseTime":1036},"service":"authentication-service","timestamp":"2024-12-18T12:00:34.556Z"}
{"level":"info","message":"Received shutdown signal, closing server...","service":"authentication-service","timestamp":"2024-12-18T12:13:19.086Z"}
{"level":"info","message":"HTTP server closed","service":"authentication-service","timestamp":"2024-12-18T12:13:19.105Z"}
{"level":"info","message":"Received shutdown signal, closing server...","service":"authentication-service","timestamp":"2024-12-18T12:13:20.260Z"}
{"level":"info","message":"HTTP server closed","service":"authentication-service","timestamp":"2024-12-18T12:13:20.262Z"}
{"level":"info","message":"Server running on port 3000","service":"authentication-service","timestamp":"2024-12-18T12:13:39.985Z"}
{"level":"info","message":"Environment: development","service":"authentication-service","timestamp":"2024-12-18T12:13:39.990Z"}
{"level":"info","message":"MongoDB connected successfully","service":"authentication-service","timestamp":"2024-12-18T12:13:42.022Z"}
{"level":"info","message":"HTTP POST /api/auth/register","meta":{"req":{"headers":{"accept":"application/json, text/plain, */*","accept-encoding":"gzip, deflate, br, zstd","accept-language":"en-US,en;q=0.9","connection":"keep-alive","content-length":"143","content-type":"application/json","host":"localhost:3000","origin":"http://localhost:5173","referer":"http://localhost:5173/","sec-ch-ua":"\"Google Chrome\";v=\"131\", \"Chromium\";v=\"131\", \"Not_A Brand\";v=\"24\"","sec-ch-ua-mobile":"?1","sec-ch-ua-platform":"\"Android\"","sec-fetch-dest":"empty","sec-fetch-mode":"cors","sec-fetch-site":"same-site","user-agent":"Mozilla/5.0 (Linux; Android 6.0; Nexus 5 Build/MRA58N) AppleWebKit/537.36 (KHTML, like Gecko) Chrome/131.0.0.0 Mobile Safari/537.36"},"httpVersion":"1.1","method":"POST","originalUrl":"/api/auth/register","query":{},"url":"/api/auth/register"},"res":{"statusCode":400},"responseTime":1176},"service":"authentication-service","timestamp":"2024-12-18T12:13:49.530Z"}
{"level":"info","message":"Received shutdown signal, closing server...","service":"authentication-service","timestamp":"2024-12-18T12:17:32.259Z"}
{"level":"info","message":"HTTP server closed","service":"authentication-service","timestamp":"2024-12-18T12:17:32.260Z"}
{"level":"info","message":"Received shutdown signal, closing server...","service":"authentication-service","timestamp":"2024-12-18T12:17:33.306Z"}
{"level":"info","message":"HTTP server closed","service":"authentication-service","timestamp":"2024-12-18T12:17:33.307Z"}
{"level":"info","message":"Server running on port 3000","service":"authentication-service","timestamp":"2024-12-18T12:36:26.917Z"}
{"level":"info","message":"Environment: development","service":"authentication-service","timestamp":"2024-12-18T12:36:26.924Z"}
{"level":"info","message":"MongoDB connected successfully","service":"authentication-service","timestamp":"2024-12-18T12:36:28.812Z"}
{"level":"info","message":"HTTP POST /api/auth/register","meta":{"req":{"headers":{"accept":"application/json, text/plain, */*","accept-encoding":"gzip, deflate, br, zstd","accept-language":"en-US,en;q=0.9","connection":"keep-alive","content-length":"143","content-type":"application/json","host":"localhost:3000","origin":"http://localhost:5173","referer":"http://localhost:5173/","sec-ch-ua":"\"Google Chrome\";v=\"131\", \"Chromium\";v=\"131\", \"Not_A Brand\";v=\"24\"","sec-ch-ua-mobile":"?1","sec-ch-ua-platform":"\"Android\"","sec-fetch-dest":"empty","sec-fetch-mode":"cors","sec-fetch-site":"same-site","user-agent":"Mozilla/5.0 (Linux; Android 6.0; Nexus 5 Build/MRA58N) AppleWebKit/537.36 (KHTML, like Gecko) Chrome/131.0.0.0 Mobile Safari/537.36"},"httpVersion":"1.1","method":"POST","originalUrl":"/api/auth/register","query":{},"url":"/api/auth/register"},"res":{"statusCode":400},"responseTime":807},"service":"authentication-service","timestamp":"2024-12-18T12:36:52.466Z"}
{"level":"info","message":"Received shutdown signal, closing server...","service":"authentication-service","timestamp":"2024-12-18T12:57:52.941Z"}
{"level":"info","message":"HTTP server closed","service":"authentication-service","timestamp":"2024-12-18T12:57:52.969Z"}
{"level":"info","message":"Received shutdown signal, closing server...","service":"authentication-service","timestamp":"2024-12-18T12:57:53.374Z"}
{"level":"info","message":"HTTP server closed","service":"authentication-service","timestamp":"2024-12-18T12:57:53.377Z"}
{"level":"info","message":"Received shutdown signal, closing server...","service":"authentication-service","timestamp":"2024-12-18T12:57:53.616Z"}
{"level":"info","message":"HTTP server closed","service":"authentication-service","timestamp":"2024-12-18T12:57:53.616Z"}
{"level":"info","message":"Received shutdown signal, closing server...","service":"authentication-service","timestamp":"2024-12-18T12:57:53.786Z"}
{"level":"info","message":"HTTP server closed","service":"authentication-service","timestamp":"2024-12-18T12:57:53.787Z"}
{"level":"info","message":"Received shutdown signal, closing server...","service":"authentication-service","timestamp":"2024-12-18T12:57:53.964Z"}
{"level":"info","message":"HTTP server closed","service":"authentication-service","timestamp":"2024-12-18T12:57:53.965Z"}
{"level":"info","message":"Server running on port 3000","service":"authentication-service","timestamp":"2024-12-18T12:58:47.099Z"}
{"level":"info","message":"Environment: development","service":"authentication-service","timestamp":"2024-12-18T12:58:47.104Z"}
{"level":"info","message":"MongoDB connected successfully","service":"authentication-service","timestamp":"2024-12-18T12:58:58.023Z"}
{"level":"info","message":"HTTP POST /api/auth/register","meta":{"req":{"headers":{"accept":"application/json, text/plain, */*","accept-encoding":"gzip, deflate, br, zstd","accept-language":"en-US,en;q=0.9","connection":"keep-alive","content-length":"144","content-type":"application/json","host":"localhost:3000","origin":"http://localhost:5173","referer":"http://localhost:5173/","sec-ch-ua":"\"Google Chrome\";v=\"131\", \"Chromium\";v=\"131\", \"Not_A Brand\";v=\"24\"","sec-ch-ua-mobile":"?1","sec-ch-ua-platform":"\"Android\"","sec-fetch-dest":"empty","sec-fetch-mode":"cors","sec-fetch-site":"same-site","user-agent":"Mozilla/5.0 (Linux; Android 6.0; Nexus 5 Build/MRA58N) AppleWebKit/537.36 (KHTML, like Gecko) Chrome/131.0.0.0 Mobile Safari/537.36"},"httpVersion":"1.1","method":"POST","originalUrl":"/api/auth/register","query":{},"url":"/api/auth/register"},"res":{"statusCode":400},"responseTime":3167},"service":"authentication-service","timestamp":"2024-12-18T13:00:17.042Z"}
{"level":"info","message":"HTTP POST /api/auth/register","meta":{"req":{"headers":{"accept":"application/json, text/plain, */*","accept-encoding":"gzip, deflate, br, zstd","accept-language":"en-US,en;q=0.9","connection":"keep-alive","content-length":"144","content-type":"application/json","host":"localhost:3000","origin":"http://localhost:5173","referer":"http://localhost:5173/","sec-ch-ua":"\"Google Chrome\";v=\"131\", \"Chromium\";v=\"131\", \"Not_A Brand\";v=\"24\"","sec-ch-ua-mobile":"?1","sec-ch-ua-platform":"\"Android\"","sec-fetch-dest":"empty","sec-fetch-mode":"cors","sec-fetch-site":"same-site","user-agent":"Mozilla/5.0 (Linux; Android 6.0; Nexus 5 Build/MRA58N) AppleWebKit/537.36 (KHTML, like Gecko) Chrome/131.0.0.0 Mobile Safari/537.36"},"httpVersion":"1.1","method":"POST","originalUrl":"/api/auth/register","query":{},"url":"/api/auth/register"},"res":{"statusCode":400},"responseTime":1002},"service":"authentication-service","timestamp":"2024-12-18T13:02:27.002Z"}
{"level":"info","message":"HTTP POST /api/auth/register","meta":{"req":{"headers":{"accept":"application/json, text/plain, */*","accept-encoding":"gzip, deflate, br, zstd","accept-language":"en-US,en;q=0.9","connection":"keep-alive","content-length":"144","content-type":"application/json","host":"localhost:3000","origin":"http://localhost:5173","referer":"http://localhost:5173/","sec-ch-ua":"\"Google Chrome\";v=\"131\", \"Chromium\";v=\"131\", \"Not_A Brand\";v=\"24\"","sec-ch-ua-mobile":"?1","sec-ch-ua-platform":"\"Android\"","sec-fetch-dest":"empty","sec-fetch-mode":"cors","sec-fetch-site":"same-site","user-agent":"Mozilla/5.0 (Linux; Android 6.0; Nexus 5 Build/MRA58N) AppleWebKit/537.36 (KHTML, like Gecko) Chrome/131.0.0.0 Mobile Safari/537.36"},"httpVersion":"1.1","method":"POST","originalUrl":"/api/auth/register","query":{},"url":"/api/auth/register"},"res":{"statusCode":400},"responseTime":977},"service":"authentication-service","timestamp":"2024-12-18T13:04:18.245Z"}
{"level":"info","message":"Server running on port 3000","service":"authentication-service","timestamp":"2024-12-18T16:11:02.767Z"}
{"level":"info","message":"Environment: development","service":"authentication-service","timestamp":"2024-12-18T16:11:02.803Z"}
{"level":"info","message":"MongoDB connected successfully","service":"authentication-service","timestamp":"2024-12-18T16:11:05.116Z"}
{"level":"info","message":"HTTP POST /api/auth/register","meta":{"req":{"headers":{"accept":"application/json, text/plain, */*","accept-encoding":"gzip, deflate, br, zstd","accept-language":"en-US,en;q=0.9","connection":"keep-alive","content-length":"143","content-type":"application/json","host":"localhost:3000","origin":"http://localhost:5173","referer":"http://localhost:5173/","sec-ch-ua":"\"Google Chrome\";v=\"131\", \"Chromium\";v=\"131\", \"Not_A Brand\";v=\"24\"","sec-ch-ua-mobile":"?1","sec-ch-ua-platform":"\"Android\"","sec-fetch-dest":"empty","sec-fetch-mode":"cors","sec-fetch-site":"same-site","user-agent":"Mozilla/5.0 (Linux; Android 6.0; Nexus 5 Build/MRA58N) AppleWebKit/537.36 (KHTML, like Gecko) Chrome/131.0.0.0 Mobile Safari/537.36"},"httpVersion":"1.1","method":"POST","originalUrl":"/api/auth/register","query":{},"url":"/api/auth/register"},"res":{"statusCode":400},"responseTime":1684},"service":"authentication-service","timestamp":"2024-12-18T16:39:15.066Z"}
{"level":"info","message":"HTTP POST /api/auth/register","meta":{"req":{"headers":{"accept":"application/json, text/plain, */*","accept-encoding":"gzip, deflate, br, zstd","accept-language":"en-US,en;q=0.9","connection":"keep-alive","content-length":"143","content-type":"application/json","host":"localhost:3000","origin":"http://localhost:5173","referer":"http://localhost:5173/","sec-ch-ua":"\"Google Chrome\";v=\"131\", \"Chromium\";v=\"131\", \"Not_A Brand\";v=\"24\"","sec-ch-ua-mobile":"?1","sec-ch-ua-platform":"\"Android\"","sec-fetch-dest":"empty","sec-fetch-mode":"cors","sec-fetch-site":"same-site","user-agent":"Mozilla/5.0 (Linux; Android 6.0; Nexus 5 Build/MRA58N) AppleWebKit/537.36 (KHTML, like Gecko) Chrome/131.0.0.0 Mobile Safari/537.36"},"httpVersion":"1.1","method":"POST","originalUrl":"/api/auth/register","query":{},"url":"/api/auth/register"},"res":{"statusCode":400},"responseTime":1022},"service":"authentication-service","timestamp":"2024-12-18T16:44:12.589Z"}
{"level":"info","message":"HTTP POST /api/auth/register","meta":{"req":{"headers":{"accept":"application/json, text/plain, */*","accept-encoding":"gzip, deflate, br, zstd","accept-language":"en-US,en;q=0.9","connection":"keep-alive","content-length":"143","content-type":"application/json","host":"localhost:3000","origin":"http://localhost:5173","referer":"http://localhost:5173/","sec-ch-ua":"\"Google Chrome\";v=\"131\", \"Chromium\";v=\"131\", \"Not_A Brand\";v=\"24\"","sec-ch-ua-mobile":"?1","sec-ch-ua-platform":"\"Android\"","sec-fetch-dest":"empty","sec-fetch-mode":"cors","sec-fetch-site":"same-site","user-agent":"Mozilla/5.0 (Linux; Android 6.0; Nexus 5 Build/MRA58N) AppleWebKit/537.36 (KHTML, like Gecko) Chrome/131.0.0.0 Mobile Safari/537.36"},"httpVersion":"1.1","method":"POST","originalUrl":"/api/auth/register","query":{},"url":"/api/auth/register"},"res":{"statusCode":400},"responseTime":1411},"service":"authentication-service","timestamp":"2024-12-18T16:51:54.523Z"}
{"level":"info","message":"Received shutdown signal, closing server...","service":"authentication-service","timestamp":"2024-12-18T16:53:01.723Z"}
{"level":"info","message":"HTTP server closed","service":"authentication-service","timestamp":"2024-12-18T16:53:01.726Z"}
{"level":"info","message":"Received shutdown signal, closing server...","service":"authentication-service","timestamp":"2024-12-18T16:53:02.212Z"}
{"level":"info","message":"HTTP server closed","service":"authentication-service","timestamp":"2024-12-18T16:53:02.213Z"}
{"level":"info","message":"Received shutdown signal, closing server...","service":"authentication-service","timestamp":"2024-12-18T16:53:02.590Z"}
{"level":"info","message":"HTTP server closed","service":"authentication-service","timestamp":"2024-12-18T16:53:02.591Z"}
{"level":"info","message":"Server running on port 3000","service":"authentication-service","timestamp":"2024-12-18T17:09:46.807Z"}
{"level":"info","message":"Environment: development","service":"authentication-service","timestamp":"2024-12-18T17:09:46.814Z"}
{"level":"info","message":"MongoDB connected successfully","service":"authentication-service","timestamp":"2024-12-18T17:09:49.252Z"}
{"level":"info","message":"Server running on port 3000","service":"authentication-service","timestamp":"2024-12-18T17:10:54.779Z"}
{"level":"info","message":"Environment: development","service":"authentication-service","timestamp":"2024-12-18T17:10:54.787Z"}
{"level":"info","message":"MongoDB connected successfully","service":"authentication-service","timestamp":"2024-12-18T17:10:57.176Z"}
{"level":"info","message":"HTTP POST /api/auth/register","meta":{"req":{"headers":{"accept":"application/json, text/plain, */*","accept-encoding":"gzip, deflate, br, zstd","accept-language":"en-US,en;q=0.9","connection":"keep-alive","content-length":"143","content-type":"application/json","host":"localhost:3000","origin":"http://localhost:5173","referer":"http://localhost:5173/","sec-ch-ua":"\"Google Chrome\";v=\"131\", \"Chromium\";v=\"131\", \"Not_A Brand\";v=\"24\"","sec-ch-ua-mobile":"?1","sec-ch-ua-platform":"\"Android\"","sec-fetch-dest":"empty","sec-fetch-mode":"cors","sec-fetch-site":"same-site","user-agent":"Mozilla/5.0 (Linux; Android 6.0; Nexus 5 Build/MRA58N) AppleWebKit/537.36 (KHTML, like Gecko) Chrome/131.0.0.0 Mobile Safari/537.36"},"httpVersion":"1.1","method":"POST","originalUrl":"/api/auth/register","query":{},"url":"/api/auth/register"},"res":{"statusCode":400},"responseTime":1369},"service":"authentication-service","timestamp":"2024-12-18T17:11:33.658Z"}
{"level":"info","message":"Server running on port 3000","service":"authentication-service","timestamp":"2024-12-18T17:13:58.510Z"}
{"level":"info","message":"Environment: development","service":"authentication-service","timestamp":"2024-12-18T17:13:58.516Z"}
{"level":"info","message":"MongoDB connected successfully","service":"authentication-service","timestamp":"2024-12-18T17:14:00.943Z"}
{"level":"info","message":"Server running on port 3000","service":"authentication-service","timestamp":"2024-12-18T17:16:43.914Z"}
{"level":"info","message":"Environment: development","service":"authentication-service","timestamp":"2024-12-18T17:16:43.919Z"}
{"level":"info","message":"MongoDB connected successfully","service":"authentication-service","timestamp":"2024-12-18T17:16:46.108Z"}
{"level":"info","message":"Server running on port 3000","service":"authentication-service","timestamp":"2024-12-18T17:17:05.349Z"}
{"level":"info","message":"Environment: development","service":"authentication-service","timestamp":"2024-12-18T17:17:05.357Z"}
{"level":"info","message":"MongoDB connected successfully","service":"authentication-service","timestamp":"2024-12-18T17:17:07.715Z"}
{"level":"info","message":"Server running on port 3000","service":"authentication-service","timestamp":"2024-12-18T17:18:24.957Z"}
{"level":"info","message":"Environment: development","service":"authentication-service","timestamp":"2024-12-18T17:18:24.963Z"}
{"level":"info","message":"MongoDB connected successfully","service":"authentication-service","timestamp":"2024-12-18T17:18:27.071Z"}
{"level":"info","message":"Server running on port 3000","service":"authentication-service","timestamp":"2024-12-18T17:19:24.112Z"}
{"level":"info","message":"Environment: development","service":"authentication-service","timestamp":"2024-12-18T17:19:24.179Z"}
{"level":"info","message":"MongoDB connected successfully","service":"authentication-service","timestamp":"2024-12-18T17:19:26.155Z"}
{"level":"info","message":"Server running on port 3000","service":"authentication-service","timestamp":"2024-12-18T17:19:31.481Z"}
{"level":"info","message":"Environment: development","service":"authentication-service","timestamp":"2024-12-18T17:19:31.487Z"}
{"level":"info","message":"Server running on port 3000","service":"authentication-service","timestamp":"2024-12-18T17:19:36.715Z"}
{"level":"info","message":"Environment: development","service":"authentication-service","timestamp":"2024-12-18T17:19:36.727Z"}
{"level":"info","message":"Server running on port 3000","service":"authentication-service","timestamp":"2024-12-18T17:19:41.875Z"}
{"level":"info","message":"Environment: development","service":"authentication-service","timestamp":"2024-12-18T17:19:41.889Z"}
{"level":"info","message":"MongoDB connected successfully","service":"authentication-service","timestamp":"2024-12-18T17:19:44.078Z"}
{"level":"info","message":"Server running on port 3000","service":"authentication-service","timestamp":"2024-12-18T17:19:57.046Z"}
{"level":"info","message":"Environment: development","service":"authentication-service","timestamp":"2024-12-18T17:19:57.054Z"}
{"level":"info","message":"MongoDB connected successfully","service":"authentication-service","timestamp":"2024-12-18T17:19:59.026Z"}
{"level":"info","message":"Server running on port 3000","service":"authentication-service","timestamp":"2024-12-18T17:20:03.139Z"}
{"level":"info","message":"Environment: development","service":"authentication-service","timestamp":"2024-12-18T17:20:03.146Z"}
{"level":"info","message":"MongoDB connected successfully","service":"authentication-service","timestamp":"2024-12-18T17:20:05.468Z"}
{"level":"info","message":"Server running on port 3000","service":"authentication-service","timestamp":"2024-12-18T17:20:15.576Z"}
{"level":"info","message":"Environment: development","service":"authentication-service","timestamp":"2024-12-18T17:20:15.583Z"}
{"level":"info","message":"MongoDB connected successfully","service":"authentication-service","timestamp":"2024-12-18T17:20:17.572Z"}
{"level":"info","message":"Server running on port 3000","service":"authentication-service","timestamp":"2024-12-18T17:20:24.877Z"}
{"level":"info","message":"Environment: development","service":"authentication-service","timestamp":"2024-12-18T17:20:24.886Z"}
{"level":"info","message":"MongoDB connected successfully","service":"authentication-service","timestamp":"2024-12-18T17:20:26.689Z"}
{"level":"info","message":"Server running on port 3000","service":"authentication-service","timestamp":"2024-12-18T17:20:32.482Z"}
{"level":"info","message":"Environment: development","service":"authentication-service","timestamp":"2024-12-18T17:20:32.493Z"}
{"level":"info","message":"Server running on port 3000","service":"authentication-service","timestamp":"2024-12-18T17:20:35.858Z"}
{"level":"info","message":"Environment: development","service":"authentication-service","timestamp":"2024-12-18T17:20:35.867Z"}
{"level":"info","message":"Server running on port 3000","service":"authentication-service","timestamp":"2024-12-18T17:20:42.472Z"}
{"level":"info","message":"Environment: development","service":"authentication-service","timestamp":"2024-12-18T17:20:42.480Z"}
{"level":"info","message":"MongoDB connected successfully","service":"authentication-service","timestamp":"2024-12-18T17:20:44.791Z"}
{"level":"info","message":"Server running on port 3000","service":"authentication-service","timestamp":"2024-12-18T17:20:47.009Z"}
{"level":"info","message":"Environment: development","service":"authentication-service","timestamp":"2024-12-18T17:20:47.017Z"}
{"level":"info","message":"MongoDB connected successfully","service":"authentication-service","timestamp":"2024-12-18T17:20:49.406Z"}
{"level":"info","message":"Server running on port 3000","service":"authentication-service","timestamp":"2024-12-18T17:20:59.395Z"}
{"level":"info","message":"Environment: development","service":"authentication-service","timestamp":"2024-12-18T17:20:59.404Z"}
{"level":"info","message":"Server running on port 3000","service":"authentication-service","timestamp":"2024-12-18T17:21:08.315Z"}
{"level":"info","message":"Environment: development","service":"authentication-service","timestamp":"2024-12-18T17:21:08.341Z"}
{"level":"info","message":"Server running on port 3000","service":"authentication-service","timestamp":"2024-12-18T17:21:11.904Z"}
{"level":"info","message":"Environment: development","service":"authentication-service","timestamp":"2024-12-18T17:21:11.956Z"}
{"level":"info","message":"Server running on port 3000","service":"authentication-service","timestamp":"2024-12-18T17:21:14.954Z"}
{"level":"info","message":"Environment: development","service":"authentication-service","timestamp":"2024-12-18T17:21:14.964Z"}
{"level":"info","message":"MongoDB connected successfully","service":"authentication-service","timestamp":"2024-12-18T17:21:16.750Z"}
{"level":"info","message":"HTTP POST /api/auth/register","meta":{"req":{"headers":{"accept":"application/json, text/plain, */*","accept-encoding":"gzip, deflate, br, zstd","accept-language":"en-US,en;q=0.9","connection":"keep-alive","content-length":"143","content-type":"application/json","host":"localhost:3000","origin":"http://localhost:5173","referer":"http://localhost:5173/","sec-ch-ua":"\"Google Chrome\";v=\"131\", \"Chromium\";v=\"131\", \"Not_A Brand\";v=\"24\"","sec-ch-ua-mobile":"?1","sec-ch-ua-platform":"\"Android\"","sec-fetch-dest":"empty","sec-fetch-mode":"cors","sec-fetch-site":"same-site","user-agent":"Mozilla/5.0 (Linux; Android 6.0; Nexus 5 Build/MRA58N) AppleWebKit/537.36 (KHTML, like Gecko) Chrome/131.0.0.0 Mobile Safari/537.36"},"httpVersion":"1.1","method":"POST","originalUrl":"/api/auth/register","query":{},"url":"/api/auth/register"},"res":{"statusCode":400},"responseTime":886},"service":"authentication-service","timestamp":"2024-12-18T17:21:26.741Z"}
{"level":"info","message":"Server running on port 3000","service":"authentication-service","timestamp":"2024-12-18T17:26:27.992Z"}
{"level":"info","message":"Environment: development","service":"authentication-service","timestamp":"2024-12-18T17:26:27.999Z"}
{"level":"info","message":"MongoDB connected successfully","service":"authentication-service","timestamp":"2024-12-18T17:26:30.592Z"}
{"level":"info","message":"HTTP POST /api/auth/register","meta":{"req":{"headers":{"accept":"application/json, text/plain, */*","accept-encoding":"gzip, deflate, br, zstd","accept-language":"en-US,en;q=0.9","connection":"keep-alive","content-length":"143","content-type":"application/json","host":"localhost:3000","origin":"http://localhost:5173","referer":"http://localhost:5173/","sec-ch-ua":"\"Google Chrome\";v=\"131\", \"Chromium\";v=\"131\", \"Not_A Brand\";v=\"24\"","sec-ch-ua-mobile":"?1","sec-ch-ua-platform":"\"Android\"","sec-fetch-dest":"empty","sec-fetch-mode":"cors","sec-fetch-site":"same-site","user-agent":"Mozilla/5.0 (Linux; Android 6.0; Nexus 5 Build/MRA58N) AppleWebKit/537.36 (KHTML, like Gecko) Chrome/131.0.0.0 Mobile Safari/537.36"},"httpVersion":"1.1","method":"POST","originalUrl":"/api/auth/register","query":{},"url":"/api/auth/register"},"res":{"statusCode":400},"responseTime":982},"service":"authentication-service","timestamp":"2024-12-18T17:26:37.055Z"}
{"level":"info","message":"Server running on port 3000","service":"authentication-service","timestamp":"2024-12-18T17:28:20.640Z"}
{"level":"info","message":"Environment: development","service":"authentication-service","timestamp":"2024-12-18T17:28:20.653Z"}
{"level":"info","message":"Server running on port 3000","service":"authentication-service","timestamp":"2024-12-18T17:28:24.758Z"}
{"level":"info","message":"Environment: development","service":"authentication-service","timestamp":"2024-12-18T17:28:24.769Z"}
{"level":"info","message":"MongoDB connected successfully","service":"authentication-service","timestamp":"2024-12-18T17:28:26.913Z"}
{"level":"info","message":"HTTP POST /api/auth/register","meta":{"req":{"headers":{"accept":"application/json, text/plain, */*","accept-encoding":"gzip, deflate, br, zstd","accept-language":"en-US,en;q=0.9","connection":"keep-alive","content-length":"143","content-type":"application/json","host":"localhost:3000","origin":"http://localhost:5173","referer":"http://localhost:5173/","sec-ch-ua":"\"Google Chrome\";v=\"131\", \"Chromium\";v=\"131\", \"Not_A Brand\";v=\"24\"","sec-ch-ua-mobile":"?1","sec-ch-ua-platform":"\"Android\"","sec-fetch-dest":"empty","sec-fetch-mode":"cors","sec-fetch-site":"same-site","user-agent":"Mozilla/5.0 (Linux; Android 6.0; Nexus 5 Build/MRA58N) AppleWebKit/537.36 (KHTML, like Gecko) Chrome/131.0.0.0 Mobile Safari/537.36"},"httpVersion":"1.1","method":"POST","originalUrl":"/api/auth/register","query":{},"url":"/api/auth/register"},"res":{"statusCode":400},"responseTime":882},"service":"authentication-service","timestamp":"2024-12-18T17:28:33.908Z"}
{"level":"info","message":"Server running on port 3000","service":"authentication-service","timestamp":"2024-12-18T17:28:47.457Z"}
{"level":"info","message":"Environment: development","service":"authentication-service","timestamp":"2024-12-18T17:28:47.462Z"}
{"level":"info","message":"MongoDB connected successfully","service":"authentication-service","timestamp":"2024-12-18T17:28:49.952Z"}
